  client.cpp
C:\Users\Acer\Desktop\ClientServer\client\client.cpp(68,17): warning C4566: character represented by universal-character-name '\u043D' cannot be represented in the current code page (1250)
C:\Users\Acer\Desktop\ClientServer\client\client.cpp(68,17): warning C4566: character represented by universal-character-name '\u0435' cannot be represented in the current code page (1250)
C:\Users\Acer\Desktop\ClientServer\client\client.cpp(68,17): warning C4566: character represented by universal-character-name '\u0432' cannot be represented in the current code page (1250)
C:\Users\Acer\Desktop\ClientServer\client\client.cpp(68,17): warning C4566: character represented by universal-character-name '\u043E' cannot be represented in the current code page (1250)
C:\Users\Acer\Desktop\ClientServer\client\client.cpp(68,17): warning C4566: character represented by universal-character-name '\u0437' cannot be represented in the current code page (1250)
C:\Users\Acer\Desktop\ClientServer\client\client.cpp(68,17): warning C4566: character represented by universal-character-name '\u043C' cannot be represented in the current code page (1250)
C:\Users\Acer\Desktop\ClientServer\client\client.cpp(68,17): warning C4566: character represented by universal-character-name '\u0436' cannot be represented in the current code page (1250)
C:\Users\Acer\Desktop\ClientServer\client\client.cpp(68,17): warning C4566: character represented by universal-character-name '\u043F' cannot be represented in the current code page (1250)
C:\Users\Acer\Desktop\ClientServer\client\client.cpp(68,17): warning C4566: character represented by universal-character-name '\u0434' cannot be represented in the current code page (1250)
C:\Users\Acer\Desktop\ClientServer\client\client.cpp(68,17): warning C4566: character represented by universal-character-name '\u043A' cannot be represented in the current code page (1250)
C:\Users\Acer\Desktop\ClientServer\client\client.cpp(68,17): warning C4566: character represented by universal-character-name '\u043B' cannot be represented in the current code page (1250)
C:\Users\Acer\Desktop\ClientServer\client\client.cpp(68,17): warning C4566: character represented by universal-character-name '\u044E' cannot be represented in the current code page (1250)
C:\Users\Acer\Desktop\ClientServer\client\client.cpp(68,17): warning C4566: character represented by universal-character-name '\u0447' cannot be represented in the current code page (1250)
C:\Users\Acer\Desktop\ClientServer\client\client.cpp(68,17): warning C4566: character represented by universal-character-name '\u0438' cannot be represented in the current code page (1250)
C:\Users\Acer\Desktop\ClientServer\client\client.cpp(68,17): warning C4566: character represented by universal-character-name '\u0442' cannot be represented in the current code page (1250)
C:\Users\Acer\Desktop\ClientServer\client\client.cpp(68,17): warning C4566: character represented by universal-character-name '\u044C' cannot be represented in the current code page (1250)
C:\Users\Acer\Desktop\ClientServer\client\client.cpp(68,17): warning C4566: character represented by universal-character-name '\u0441' cannot be represented in the current code page (1250)
C:\Users\Acer\Desktop\ClientServer\client\client.cpp(68,17): warning C4566: character represented by universal-character-name '\u044F' cannot be represented in the current code page (1250)
C:\Users\Acer\Desktop\ClientServer\client\client.cpp(68,17): warning C4566: character represented by universal-character-name '\u0440' cannot be represented in the current code page (1250)
C:\Users\Acer\Desktop\ClientServer\client\client.cpp(68,17): warning C4566: character represented by universal-character-name '\u0443' cannot be represented in the current code page (1250)
C:\Users\Acer\Desktop\ClientServer\client\client.cpp(68,17): warning C4566: character represented by universal-character-name '\u0431' cannot be represented in the current code page (1250)
C:\Users\Acer\Desktop\ClientServer\client\client.cpp(68,17): warning C4566: character represented by universal-character-name '\u0446' cannot be represented in the current code page (1250)
C:\Users\Acer\Desktop\ClientServer\client\client.cpp(68,17): warning C4566: character represented by universal-character-name '\u0430' cannot be represented in the current code page (1250)
C:\Users\Acer\Desktop\ClientServer\client\client.cpp(68,17): warning C4566: character represented by universal-character-name '\u0449' cannot be represented in the current code page (1250)
C:\Users\Acer\Desktop\ClientServer\client\client.cpp(73,33): warning C4566: character represented by universal-character-name '\u043A' cannot be represented in the current code page (1250)
C:\Users\Acer\Desktop\ClientServer\client\client.cpp(73,33): warning C4566: character represented by universal-character-name '\u043E' cannot be represented in the current code page (1250)
C:\Users\Acer\Desktop\ClientServer\client\client.cpp(73,33): warning C4566: character represented by universal-character-name '\u0442' cannot be represented in the current code page (1250)
C:\Users\Acer\Desktop\ClientServer\client\client.cpp(73,33): warning C4566: character represented by universal-character-name '\u0440' cannot be represented in the current code page (1250)
C:\Users\Acer\Desktop\ClientServer\client\client.cpp(73,33): warning C4566: character represented by universal-character-name '\u0430' cannot be represented in the current code page (1250)
C:\Users\Acer\Desktop\ClientServer\client\client.cpp(73,33): warning C4566: character represented by universal-character-name '\u0433' cannot be represented in the current code page (1250)
C:\Users\Acer\Desktop\ClientServer\client\client.cpp(73,33): warning C4566: character represented by universal-character-name '\u0434' cannot be represented in the current code page (1250)
C:\Users\Acer\Desktop\ClientServer\client\client.cpp(73,33): warning C4566: character represented by universal-character-name '\u0438' cannot be represented in the current code page (1250)
C:\Users\Acer\Desktop\ClientServer\client\client.cpp(73,33): warning C4566: character represented by universal-character-name '\u043D' cannot be represented in the current code page (1250)
C:\Users\Acer\Desktop\ClientServer\client\client.cpp(73,61): warning C4566: character represented by universal-character-name '\u043F' cannot be represented in the current code page (1250)
C:\Users\Acer\Desktop\ClientServer\client\client.cpp(73,61): warning C4566: character represented by universal-character-name '\u0440' cannot be represented in the current code page (1250)
C:\Users\Acer\Desktop\ClientServer\client\client.cpp(73,61): warning C4566: character represented by universal-character-name '\u0438' cannot be represented in the current code page (1250)
C:\Users\Acer\Desktop\ClientServer\client\client.cpp(73,61): warning C4566: character represented by universal-character-name '\u0432' cannot be represented in the current code page (1250)
C:\Users\Acer\Desktop\ClientServer\client\client.cpp(73,61): warning C4566: character represented by universal-character-name '\u0442' cannot be represented in the current code page (1250)
C:\Users\Acer\Desktop\ClientServer\client\client.cpp(73,76): warning C4566: character represented by universal-character-name '\u043F' cannot be represented in the current code page (1250)
C:\Users\Acer\Desktop\ClientServer\client\client.cpp(73,76): warning C4566: character represented by universal-character-name '\u043E' cannot be represented in the current code page (1250)
C:\Users\Acer\Desktop\ClientServer\client\client.cpp(73,76): warning C4566: character represented by universal-character-name '\u0433' cannot be represented in the current code page (1250)
C:\Users\Acer\Desktop\ClientServer\client\client.cpp(73,76): warning C4566: character represented by universal-character-name '\u0434' cannot be represented in the current code page (1250)
C:\Users\Acer\Desktop\ClientServer\client\client.cpp(73,76): warning C4566: character represented by universal-character-name '\u0430' cannot be represented in the current code page (1250)
C:\Users\Acer\Desktop\ClientServer\client\client.cpp(73,92): warning C4566: character represented by universal-character-name '\u043D' cannot be represented in the current code page (1250)
C:\Users\Acer\Desktop\ClientServer\client\client.cpp(73,92): warning C4566: character represented by universal-character-name '\u043E' cannot be represented in the current code page (1250)
C:\Users\Acer\Desktop\ClientServer\client\client.cpp(73,92): warning C4566: character represented by universal-character-name '\u0432' cannot be represented in the current code page (1250)
C:\Users\Acer\Desktop\ClientServer\client\client.cpp(73,92): warning C4566: character represented by universal-character-name '\u0438' cannot be represented in the current code page (1250)
C:\Users\Acer\Desktop\ClientServer\client\client.cpp(73,108): warning C4566: character represented by universal-character-name '\u0434' cannot be represented in the current code page (1250)
C:\Users\Acer\Desktop\ClientServer\client\client.cpp(73,108): warning C4566: character represented by universal-character-name '\u043E' cannot be represented in the current code page (1250)
C:\Users\Acer\Desktop\ClientServer\client\client.cpp(73,108): warning C4566: character represented by universal-character-name '\u043F' cannot be represented in the current code page (1250)
C:\Users\Acer\Desktop\ClientServer\client\client.cpp(73,108): warning C4566: character represented by universal-character-name '\u0431' cannot be represented in the current code page (1250)
C:\Users\Acer\Desktop\ClientServer\client\client.cpp(73,108): warning C4566: character represented by universal-character-name '\u0430' cannot be represented in the current code page (1250)
C:\Users\Acer\Desktop\ClientServer\client\client.cpp(73,108): warning C4566: character represented by universal-character-name '\u0447' cannot be represented in the current code page (1250)
C:\Users\Acer\Desktop\ClientServer\client\client.cpp(73,108): warning C4566: character represented by universal-character-name '\u0435' cannot be represented in the current code page (1250)
C:\Users\Acer\Desktop\ClientServer\client\client.cpp(73,108): warning C4566: character represented by universal-character-name '\u043D' cannot be represented in the current code page (1250)
C:\Users\Acer\Desktop\ClientServer\client\client.cpp(73,108): warning C4566: character represented by universal-character-name '\u044F' cannot be represented in the current code page (1250)
C:\Users\Acer\Desktop\ClientServer\client\client.cpp(108,21): warning C4566: character represented by universal-character-name '\u0441' cannot be represented in the current code page (1250)
C:\Users\Acer\Desktop\ClientServer\client\client.cpp(108,21): warning C4566: character represented by universal-character-name '\u0435' cannot be represented in the current code page (1250)
C:\Users\Acer\Desktop\ClientServer\client\client.cpp(108,21): warning C4566: character represented by universal-character-name '\u0440' cannot be represented in the current code page (1250)
C:\Users\Acer\Desktop\ClientServer\client\client.cpp(108,21): warning C4566: character represented by universal-character-name '\u0432' cannot be represented in the current code page (1250)
C:\Users\Acer\Desktop\ClientServer\client\client.cpp(108,21): warning C4566: character represented by universal-character-name '\u043E' cannot be represented in the current code page (1250)
C:\Users\Acer\Desktop\ClientServer\client\client.cpp(108,21): warning C4566: character represented by universal-character-name '\u0442' cannot be represented in the current code page (1250)
C:\Users\Acer\Desktop\ClientServer\client\client.cpp(108,21): warning C4566: character represented by universal-character-name '\u0438' cannot be represented in the current code page (1250)
C:\Users\Acer\Desktop\ClientServer\client\client.cpp(108,21): warning C4566: character represented by universal-character-name '\u043B' cannot be represented in the current code page (1250)
C:\Users\Acer\Desktop\ClientServer\client\client.cpp(111,21): warning C4566: character represented by universal-character-name '\u0441' cannot be represented in the current code page (1250)
C:\Users\Acer\Desktop\ClientServer\client\client.cpp(111,21): warning C4566: character represented by universal-character-name '\u043E' cannot be represented in the current code page (1250)
C:\Users\Acer\Desktop\ClientServer\client\client.cpp(111,21): warning C4566: character represented by universal-character-name '\u0435' cannot be represented in the current code page (1250)
C:\Users\Acer\Desktop\ClientServer\client\client.cpp(111,21): warning C4566: character represented by universal-character-name '\u0434' cannot be represented in the current code page (1250)
C:\Users\Acer\Desktop\ClientServer\client\client.cpp(111,21): warning C4566: character represented by universal-character-name '\u0438' cannot be represented in the current code page (1250)
C:\Users\Acer\Desktop\ClientServer\client\client.cpp(111,21): warning C4566: character represented by universal-character-name '\u043D' cannot be represented in the current code page (1250)
C:\Users\Acer\Desktop\ClientServer\client\client.cpp(111,21): warning C4566: character represented by universal-character-name '\u0440' cannot be represented in the current code page (1250)
C:\Users\Acer\Desktop\ClientServer\client\client.cpp(111,21): warning C4566: character represented by universal-character-name '\u0432' cannot be represented in the current code page (1250)
C:\Users\Acer\Desktop\ClientServer\client\client.cpp(111,21): warning C4566: character represented by universal-character-name '\u043C' cannot be represented in the current code page (1250)
C:\Users\Acer\Desktop\ClientServer\client\client.cpp(111,21): warning C4566: character represented by universal-character-name '\u0437' cannot be represented in the current code page (1250)
C:\Users\Acer\Desktop\ClientServer\client\client.cpp(111,21): warning C4566: character represented by universal-character-name '\u0430' cannot be represented in the current code page (1250)
C:\Users\Acer\Desktop\ClientServer\client\client.cpp(111,21): warning C4566: character represented by universal-character-name '\u043A' cannot be represented in the current code page (1250)
C:\Users\Acer\Desktop\ClientServer\client\client.cpp(111,21): warning C4566: character represented by universal-character-name '\u044B' cannot be represented in the current code page (1250)
C:\Users\Acer\Desktop\ClientServer\client\client.cpp(111,21): warning C4566: character represented by universal-character-name '\u0442' cannot be represented in the current code page (1250)
  client.vcxproj -> C:\Users\Acer\Desktop\ClientServer\Debug\client.exe
